[ 38%] Built target deepin-editor_qm_files
[ 38%] Built target deepin-editor_autogen_timestamp_deps
[ 39%] Built target deepin-editor_autogen
[100%] Built target deepin-editor
Install the project...
-- Install configuration: "Release"
-- Installing: /opt/apps/org.deepin.editor/files/share/deepin-editor/translations/deepin-editor.qm
-- Installing: /opt/apps/org.deepin.editor/files/share/deepin-editor/translations/deepin-editor_ar.qm
-- Installing: /opt/apps/org.deepin.editor/files/share/deepin-editor/translations/deepin-editor_az.qm
-- Installing: /opt/apps/org.deepin.editor/files/share/deepin-editor/translations/deepin-editor_bg.qm
-- Installing: /opt/apps/org.deepin.editor/files/share/deepin-editor/translations/deepin-editor_bo.qm
-- Installing: /opt/apps/org.deepin.editor/files/share/deepin-editor/translations/deepin-editor_ca.qm
-- Installing: /opt/apps/org.deepin.editor/files/share/deepin-editor/translations/deepin-editor_cs.qm
-- Installing: /opt/apps/org.deepin.editor/files/share/deepin-editor/translations/deepin-editor_da.qm
-- Installing: /opt/apps/org.deepin.editor/files/share/deepin-editor/translations/deepin-editor_de.qm
-- Installing: /opt/apps/org.deepin.editor/files/share/deepin-editor/translations/deepin-editor_es.qm
-- Installing: /opt/apps/org.deepin.editor/files/share/deepin-editor/translations/deepin-editor_fa.qm
-- Installing: /opt/apps/org.deepin.editor/files/share/deepin-editor/translations/deepin-editor_fi.qm
-- Installing: /opt/apps/org.deepin.editor/files/share/deepin-editor/translations/deepin-editor_fr.qm
-- Installing: /opt/apps/org.deepin.editor/files/share/deepin-editor/translations/deepin-editor_gl_ES.qm
-- Installing: /opt/apps/org.deepin.editor/files/share/deepin-editor/translations/deepin-editor_hi_IN.qm
-- Installing: /opt/apps/org.deepin.editor/files/share/deepin-editor/translations/deepin-editor_hu.qm
-- Installing: /opt/apps/org.deepin.editor/files/share/deepin-editor/translations/deepin-editor_id.qm
-- Installing: /opt/apps/org.deepin.editor/files/share/deepin-editor/translations/deepin-editor_it.qm
-- Installing: /opt/apps/org.deepin.editor/files/share/deepin-editor/translations/deepin-editor_ko.qm
-- Installing: /opt/apps/org.deepin.editor/files/share/deepin-editor/translations/deepin-editor_lt.qm
-- Installing: /opt/apps/org.deepin.editor/files/share/deepin-editor/translations/deepin-editor_ms.qm
-- Installing: /opt/apps/org.deepin.editor/files/share/deepin-editor/translations/deepin-editor_ne.qm
-- Installing: /opt/apps/org.deepin.editor/files/share/deepin-editor/translations/deepin-editor_nl.qm
-- Installing: /opt/apps/org.deepin.editor/files/share/deepin-editor/translations/deepin-editor_pl.qm
-- Installing: /opt/apps/org.deepin.editor/files/share/deepin-editor/translations/deepin-editor_pt.qm
-- Installing: /opt/apps/org.deepin.editor/files/share/deepin-editor/translations/deepin-editor_pt_BR.qm
-- Installing: /opt/apps/org.deepin.editor/files/share/deepin-editor/translations/deepin-editor_ru.qm
-- Installing: /opt/apps/org.deepin.editor/files/share/deepin-editor/translations/deepin-editor_sl.qm
-- Installing: /opt/apps/org.deepin.editor/files/share/deepin-editor/translations/deepin-editor_sq.qm
-- Installing: /opt/apps/org.deepin.editor/files/share/deepin-editor/translations/deepin-editor_sr.qm
-- Installing: /opt/apps/org.deepin.editor/files/share/deepin-editor/translations/deepin-editor_tr.qm
-- Installing: /opt/apps/org.deepin.editor/files/share/deepin-editor/translations/deepin-editor_ug.qm
-- Installing: /opt/apps/org.deepin.editor/files/share/deepin-editor/translations/deepin-editor_uk.qm
-- Installing: /opt/apps/org.deepin.editor/files/share/deepin-editor/translations/deepin-editor_zh_CN.qm
-- Installing: /opt/apps/org.deepin.editor/files/share/deepin-editor/translations/deepin-editor_zh_HK.qm
-- Installing: /opt/apps/org.deepin.editor/files/share/deepin-editor/translations/deepin-editor_zh_TW.qm
-- Installing: /opt/apps/org.deepin.editor/files/share/icons/hicolor/scalable/apps/deepin-editor.svg
-- Installing: /opt/apps/org.deepin.editor/files/share/deepin-manual/manual-assets/application//deepin-editor
-- Installing: /opt/apps/org.deepin.editor/files/share/deepin-manual/manual-assets/application//deepin-editor/editor
-- Installing: /opt/apps/org.deepin.editor/files/share/deepin-manual/manual-assets/application//deepin-editor/editor/zh_CN
-- Installing: /opt/apps/org.deepin.editor/files/share/deepin-manual/manual-assets/application//deepin-editor/editor/zh_CN/fig
-- Installing: /opt/apps/org.deepin.editor/files/share/deepin-manual/manual-assets/application//deepin-editor/editor/zh_CN/fig/overview.png
-- Installing: /opt/apps/org.deepin.editor/files/share/deepin-manual/manual-assets/application//deepin-editor/editor/zh_CN/fig/d_column_mode.png
-- Installing: /opt/apps/org.deepin.editor/files/share/deepin-manual/manual-assets/application//deepin-editor/editor/zh_CN/fig/togglecase.png
-- Installing: /opt/apps/org.deepin.editor/files/share/deepin-manual/manual-assets/application//deepin-editor/editor/zh_CN/fig/read_only_02.png
-- Installing: /opt/apps/org.deepin.editor/files/share/deepin-manual/manual-assets/application//deepin-editor/editor/zh_CN/fig/text_translation.png
-- Installing: /opt/apps/org.deepin.editor/files/share/deepin-manual/manual-assets/application//deepin-editor/editor/zh_CN/fig/printer_setting.png
-- Installing: /opt/apps/org.deepin.editor/files/share/deepin-manual/manual-assets/application//deepin-editor/editor/zh_CN/fig/reading.png
-- Installing: /opt/apps/org.deepin.editor/files/share/deepin-manual/manual-assets/application//deepin-editor/editor/zh_CN/fig/close.png
-- Installing: /opt/apps/org.deepin.editor/files/share/deepin-manual/manual-assets/application//deepin-editor/editor/zh_CN/fig/listen.png
-- Installing: /opt/apps/org.deepin.editor/files/share/deepin-manual/manual-assets/application//deepin-editor/editor/zh_CN/fig/d_toggle_case.png
-- Installing: /opt/apps/org.deepin.editor/files/share/deepin-manual/manual-assets/application//deepin-editor/editor/zh_CN/fig/printer.png
-- Installing: /opt/apps/org.deepin.editor/files/share/deepin-manual/manual-assets/application//deepin-editor/editor/zh_CN/fig/colortag.png
-- Installing: /opt/apps/org.deepin.editor/files/share/deepin-manual/manual-assets/application//deepin-editor/editor/zh_CN/fig/hotkey.png
-- Installing: /opt/apps/org.deepin.editor/files/share/deepin-manual/manual-assets/application//deepin-editor/editor/zh_CN/fig/d_read_only.png
-- Installing: /opt/apps/org.deepin.editor/files/share/deepin-manual/manual-assets/application//deepin-editor/editor/zh_CN/fig/d_read_only02.png
-- Installing: /opt/apps/org.deepin.editor/files/share/deepin-manual/manual-assets/application//deepin-editor/editor/zh_CN/fig/highlight.png
-- Installing: /opt/apps/org.deepin.editor/files/share/deepin-manual/manual-assets/application//deepin-editor/editor/zh_CN/fig/d_colortag.png
-- Installing: /opt/apps/org.deepin.editor/files/share/deepin-manual/manual-assets/application//deepin-editor/editor/zh_CN/fig/column_mode.png
-- Installing: /opt/apps/org.deepin.editor/files/share/deepin-manual/manual-assets/application//deepin-editor/editor/zh_CN/fig/read_only.png
-- Installing: /opt/apps/org.deepin.editor/files/share/deepin-manual/manual-assets/application//deepin-editor/editor/zh_CN/p_editor.md
-- Installing: /opt/apps/org.deepin.editor/files/share/deepin-manual/manual-assets/application//deepin-editor/editor/zh_CN/editor.md
-- Installing: /opt/apps/org.deepin.editor/files/share/deepin-manual/manual-assets/application//deepin-editor/editor/zh_HK
-- Installing: /opt/apps/org.deepin.editor/files/share/deepin-manual/manual-assets/application//deepin-editor/editor/zh_HK/fig
-- Installing: /opt/apps/org.deepin.editor/files/share/deepin-manual/manual-assets/application//deepin-editor/editor/zh_HK/fig/overview.png
-- Installing: /opt/apps/org.deepin.editor/files/share/deepin-manual/manual-assets/application//deepin-editor/editor/zh_HK/fig/translation.png
-- Installing: /opt/apps/org.deepin.editor/files/share/deepin-manual/manual-assets/application//deepin-editor/editor/zh_HK/fig/reading.png
-- Installing: /opt/apps/org.deepin.editor/files/share/deepin-manual/manual-assets/application//deepin-editor/editor/zh_HK/fig/close.png
-- Installing: /opt/apps/org.deepin.editor/files/share/deepin-manual/manual-assets/application//deepin-editor/editor/zh_HK/fig/listen.png
-- Installing: /opt/apps/org.deepin.editor/files/share/deepin-manual/manual-assets/application//deepin-editor/editor/zh_HK/fig/read_only02.png
-- Installing: /opt/apps/org.deepin.editor/files/share/deepin-manual/manual-assets/application//deepin-editor/editor/zh_HK/fig/d_toggle_case.png
-- Installing: /opt/apps/org.deepin.editor/files/share/deepin-manual/manual-assets/application//deepin-editor/editor/zh_HK/fig/toggle_case.png
-- Installing: /opt/apps/org.deepin.editor/files/share/deepin-manual/manual-assets/application//deepin-editor/editor/zh_HK/fig/hotkey.png
-- Installing: /opt/apps/org.deepin.editor/files/share/deepin-manual/manual-assets/application//deepin-editor/editor/zh_HK/fig/d_read_only.png
-- Installing: /opt/apps/org.deepin.editor/files/share/deepin-manual/manual-assets/application//deepin-editor/editor/zh_HK/fig/d_color_tag.png
-- Installing: /opt/apps/org.deepin.editor/files/share/deepin-manual/manual-assets/application//deepin-editor/editor/zh_HK/fig/color_tag.png
-- Installing: /opt/apps/org.deepin.editor/files/share/deepin-manual/manual-assets/application//deepin-editor/editor/zh_HK/fig/d_read_only02.png
-- Installing: /opt/apps/org.deepin.editor/files/share/deepin-manual/manual-assets/application//deepin-editor/editor/zh_HK/fig/highlight.png
-- Installing: /opt/apps/org.deepin.editor/files/share/deepin-manual/manual-assets/application//deepin-editor/editor/zh_HK/fig/column_mode.png
-- Installing: /opt/apps/org.deepin.editor/files/share/deepin-manual/manual-assets/application//deepin-editor/editor/zh_HK/fig/read_only.png
-- Installing: /opt/apps/org.deepin.editor/files/share/deepin-manual/manual-assets/application//deepin-editor/editor/zh_HK/p_editor.md
-- Installing: /opt/apps/org.deepin.editor/files/share/deepin-manual/manual-assets/application//deepin-editor/editor/zh_HK/editor.md
-- Installing: /opt/apps/org.deepin.editor/files/share/deepin-manual/manual-assets/application//deepin-editor/editor/en_US
-- Installing: /opt/apps/org.deepin.editor/files/share/deepin-manual/manual-assets/application//deepin-editor/editor/en_US/fig
-- Installing: /opt/apps/org.deepin.editor/files/share/deepin-manual/manual-assets/application//deepin-editor/editor/en_US/fig/overview.png
-- Installing: /opt/apps/org.deepin.editor/files/share/deepin-manual/manual-assets/application//deepin-editor/editor/en_US/fig/shortcuts.jpg
-- Installing: /opt/apps/org.deepin.editor/files/share/deepin-manual/manual-assets/application//deepin-editor/editor/en_US/fig/d_colormark.png
-- Installing: /opt/apps/org.deepin.editor/files/share/deepin-manual/manual-assets/application//deepin-editor/editor/en_US/fig/preview.png
-- Installing: /opt/apps/org.deepin.editor/files/share/deepin-manual/manual-assets/application//deepin-editor/editor/en_US/fig/translation.png
-- Installing: /opt/apps/org.deepin.editor/files/share/deepin-manual/manual-assets/application//deepin-editor/editor/en_US/fig/shortcutsx2.jpg
-- Installing: /opt/apps/org.deepin.editor/files/share/deepin-manual/manual-assets/application//deepin-editor/editor/en_US/fig/read_only_02.png
-- Installing: /opt/apps/org.deepin.editor/files/share/deepin-manual/manual-assets/application//deepin-editor/editor/en_US/fig/pagesetup.png
-- Installing: /opt/apps/org.deepin.editor/files/share/deepin-manual/manual-assets/application//deepin-editor/editor/en_US/fig/overviewx2.jpg
-- Installing: /opt/apps/org.deepin.editor/files/share/deepin-manual/manual-assets/application//deepin-editor/editor/en_US/fig/reading.png
-- Installing: /opt/apps/org.deepin.editor/files/share/deepin-manual/manual-assets/application//deepin-editor/editor/en_US/fig/advanced-preview.png
-- Installing: /opt/apps/org.deepin.editor/files/share/deepin-manual/manual-assets/application//deepin-editor/editor/en_US/fig/d_readonly.png
-- Installing: /opt/apps/org.deepin.editor/files/share/deepin-manual/manual-assets/application//deepin-editor/editor/en_US/fig/d_turnoffreadonly.png
-- Installing: /opt/apps/org.deepin.editor/files/share/deepin-manual/manual-assets/application//deepin-editor/editor/en_US/fig/printer.png
-- Installing: /opt/apps/org.deepin.editor/files/share/deepin-manual/manual-assets/application//deepin-editor/editor/en_US/fig/mark.png
-- Installing: /opt/apps/org.deepin.editor/files/share/deepin-manual/manual-assets/application//deepin-editor/editor/en_US/fig/d_changecase.png
-- Installing: /opt/apps/org.deepin.editor/files/share/deepin-manual/manual-assets/application//deepin-editor/editor/en_US/fig/hotkey.png
-- Installing: /opt/apps/org.deepin.editor/files/share/deepin-manual/manual-assets/application//deepin-editor/editor/en_US/fig/changecase.png
-- Installing: /opt/apps/org.deepin.editor/files/share/deepin-manual/manual-assets/application//deepin-editor/editor/en_US/fig/highlight.png
-- Installing: /opt/apps/org.deepin.editor/files/share/deepin-manual/manual-assets/application//deepin-editor/editor/en_US/fig/translate.png
-- Installing: /opt/apps/org.deepin.editor/files/share/deepin-manual/manual-assets/application//deepin-editor/editor/en_US/fig/colormark.png
-- Installing: /opt/apps/org.deepin.editor/files/share/deepin-manual/manual-assets/application//deepin-editor/editor/en_US/fig/texttospeech.png
-- Installing: /opt/apps/org.deepin.editor/files/share/deepin-manual/manual-assets/application//deepin-editor/editor/en_US/fig/column_mode.png
-- Installing: /opt/apps/org.deepin.editor/files/share/deepin-manual/manual-assets/application//deepin-editor/editor/en_US/fig/read_only.png
-- Installing: /opt/apps/org.deepin.editor/files/share/deepin-manual/manual-assets/application//deepin-editor/editor/en_US/p_editor.md
-- Installing: /opt/apps/org.deepin.editor/files/share/deepin-manual/manual-assets/application//deepin-editor/editor/en_US/editor.md
-- Installing: /opt/apps/org.deepin.editor/files/share/deepin-manual/manual-assets/application//deepin-editor/editor/common
-- Installing: /opt/apps/org.deepin.editor/files/share/deepin-manual/manual-assets/application//deepin-editor/editor/common/W.svg
-- Installing: /opt/apps/org.deepin.editor/files/share/deepin-manual/manual-assets/application//deepin-editor/editor/common/Enter.svg
-- Installing: /opt/apps/org.deepin.editor/files/share/deepin-manual/manual-assets/application//deepin-editor/editor/common/deepin-editor.svg
-- Installing: /opt/apps/org.deepin.editor/files/share/deepin-manual/manual-assets/application//deepin-editor/editor/common/notes.svg
-- Installing: /opt/apps/org.deepin.editor/files/share/deepin-manual/manual-assets/application//deepin-editor/editor/common/S.svg
-- Installing: /opt/apps/org.deepin.editor/files/share/deepin-manual/manual-assets/application//deepin-editor/editor/common/C.svg
-- Installing: /opt/apps/org.deepin.editor/files/share/deepin-manual/manual-assets/application//deepin-editor/editor/common/Ctrl.svg
-- Installing: /opt/apps/org.deepin.editor/files/share/deepin-manual/manual-assets/application//deepin-editor/editor/common/F.svg
-- Installing: /opt/apps/org.deepin.editor/files/share/deepin-manual/manual-assets/application//deepin-editor/editor/common/deepin_launcher.svg
-- Installing: /opt/apps/org.deepin.editor/files/share/deepin-manual/manual-assets/application//deepin-editor/editor/common/U.svg
-- Installing: /opt/apps/org.deepin.editor/files/share/deepin-manual/manual-assets/application//deepin-editor/editor/common/Esc.svg
-- Installing: /opt/apps/org.deepin.editor/files/share/deepin-manual/manual-assets/application//deepin-editor/editor/common/next_down.svg
-- Installing: /opt/apps/org.deepin.editor/files/share/deepin-manual/manual-assets/application//deepin-editor/editor/common/Z.svg
-- Installing: /opt/apps/org.deepin.editor/files/share/deepin-manual/manual-assets/application//deepin-editor/editor/common/plus_icon.svg
-- Installing: /opt/apps/org.deepin.editor/files/share/deepin-manual/manual-assets/application//deepin-editor/editor/common/bookmarkbig_checked_light.svg
-- Installing: /opt/apps/org.deepin.editor/files/share/deepin-manual/manual-assets/application//deepin-editor/editor/common/attention.svg
-- Installing: /opt/apps/org.deepin.editor/files/share/deepin-manual/manual-assets/application//deepin-editor/editor/common/T.svg
-- Installing: /opt/apps/org.deepin.editor/files/share/deepin-manual/manual-assets/application//deepin-editor/editor/common/0.svg
-- Installing: /opt/apps/org.deepin.editor/files/share/deepin-manual/manual-assets/application//deepin-editor/editor/common/A.svg
-- Installing: /opt/apps/org.deepin.editor/files/share/deepin-manual/manual-assets/application//deepin-editor/editor/common/bookmark_normal_light.svg
-- Installing: /opt/apps/org.deepin.editor/files/share/deepin-manual/manual-assets/application//deepin-editor/editor/common/tips.svg
-- Installing: /opt/apps/org.deepin.editor/files/share/deepin-manual/manual-assets/application//deepin-editor/editor/common/H.svg
-- Installing: /opt/apps/org.deepin.editor/files/share/deepin-manual/manual-assets/application//deepin-editor/editor/common/Shift.svg
-- Installing: /opt/apps/org.deepin.editor/files/share/deepin-manual/manual-assets/application//deepin-editor/editor/common/G.svg
-- Installing: /opt/apps/org.deepin.editor/files/share/deepin-manual/manual-assets/application//deepin-editor/editor/common/icon_menu.svg
-- Installing: /opt/apps/org.deepin.editor/files/share/deepin-manual/manual-assets/application//deepin-editor/editor/common/P.svg
-- Installing: /opt/apps/org.deepin.editor/files/share/deepin-manual/manual-assets/application//deepin-editor/editor/common/-.svg
-- Installing: /opt/apps/org.deepin.editor/files/share/deepin-manual/manual-assets/application//deepin-editor/editor/common/F2.svg
-- Installing: /opt/apps/org.deepin.editor/files/share/deepin-manual/manual-assets/application//deepin-editor/editor/common/deepin_editor.svg
-- Installing: /opt/apps/org.deepin.editor/files/share/deepin-manual/manual-assets/application//deepin-editor/editor/common/L.svg
-- Installing: /opt/apps/org.deepin.editor/files/share/deepin-manual/manual-assets/application//deepin-editor/editor/common/close_icon.svg
-- Installing: /opt/apps/org.deepin.editor/files/share/deepin-manual/manual-assets/application//deepin-editor/editor/common/next.svg
-- Installing: /opt/apps/org.deepin.editor/files/share/deepin-manual/manual-assets/application//deepin-editor/editor/common/N.svg
-- Installing: /opt/apps/org.deepin.editor/files/share/deepin-manual/manual-assets/application//deepin-editor/editor/common/Alt.svg
-- Installing: /opt/apps/org.deepin.editor/files/share/deepin-manual/manual-assets/application//deepin-editor/editor/common/O.svg
-- Installing: /opt/apps/org.deepin.editor/files/share/deepin-manual/manual-assets/application//deepin-editor/editor/common/+.svg
-- Installing: /opt/apps/org.deepin.editor/files/share/deepin-manual/manual-assets/application//deepin-editor/editor/common/QM.svg
-- Installing: /opt/apps/org.deepin.editor/files/share/deepin-manual/manual-assets/application//deepin-editor/editor/zh_TW
-- Installing: /opt/apps/org.deepin.editor/files/share/deepin-manual/manual-assets/application//deepin-editor/editor/zh_TW/fig
-- Installing: /opt/apps/org.deepin.editor/files/share/deepin-manual/manual-assets/application//deepin-editor/editor/zh_TW/fig/overview.png
-- Installing: /opt/apps/org.deepin.editor/files/share/deepin-manual/manual-assets/application//deepin-editor/editor/zh_TW/fig/print_setting.png
-- Installing: /opt/apps/org.deepin.editor/files/share/deepin-manual/manual-assets/application//deepin-editor/editor/zh_TW/fig/read_only_02.png
-- Installing: /opt/apps/org.deepin.editor/files/share/deepin-manual/manual-assets/application//deepin-editor/editor/zh_TW/fig/text_translation.png
-- Installing: /opt/apps/org.deepin.editor/files/share/deepin-manual/manual-assets/application//deepin-editor/editor/zh_TW/fig/reading.png
-- Installing: /opt/apps/org.deepin.editor/files/share/deepin-manual/manual-assets/application//deepin-editor/editor/zh_TW/fig/d_read-only_02.png
-- Installing: /opt/apps/org.deepin.editor/files/share/deepin-manual/manual-assets/application//deepin-editor/editor/zh_TW/fig/close.png
-- Installing: /opt/apps/org.deepin.editor/files/share/deepin-manual/manual-assets/application//deepin-editor/editor/zh_TW/fig/d_read_only_02.png
-- Installing: /opt/apps/org.deepin.editor/files/share/deepin-manual/manual-assets/application//deepin-editor/editor/zh_TW/fig/listen.png
-- Installing: /opt/apps/org.deepin.editor/files/share/deepin-manual/manual-assets/application//deepin-editor/editor/zh_TW/fig/d_toggle_case.png
-- Installing: /opt/apps/org.deepin.editor/files/share/deepin-manual/manual-assets/application//deepin-editor/editor/zh_TW/fig/advanced_setting.png
-- Installing: /opt/apps/org.deepin.editor/files/share/deepin-manual/manual-assets/application//deepin-editor/editor/zh_TW/fig/toggle_case.png
-- Installing: /opt/apps/org.deepin.editor/files/share/deepin-manual/manual-assets/application//deepin-editor/editor/zh_TW/fig/hotkey.png
-- Installing: /opt/apps/org.deepin.editor/files/share/deepin-manual/manual-assets/application//deepin-editor/editor/zh_TW/fig/d_read_only.png
-- Installing: /opt/apps/org.deepin.editor/files/share/deepin-manual/manual-assets/application//deepin-editor/editor/zh_TW/fig/d_color_tag.png
-- Installing: /opt/apps/org.deepin.editor/files/share/deepin-manual/manual-assets/application//deepin-editor/editor/zh_TW/fig/color_tag.png
-- Installing: /opt/apps/org.deepin.editor/files/share/deepin-manual/manual-assets/application//deepin-editor/editor/zh_TW/fig/highlight.png
-- Installing: /opt/apps/org.deepin.editor/files/share/deepin-manual/manual-assets/application//deepin-editor/editor/zh_TW/fig/column_mode.png
-- Installing: /opt/apps/org.deepin.editor/files/share/deepin-manual/manual-assets/application//deepin-editor/editor/zh_TW/fig/read_only.png
-- Installing: /opt/apps/org.deepin.editor/files/share/deepin-manual/manual-assets/application//deepin-editor/editor/zh_TW/p_editor.md
-- Installing: /opt/apps/org.deepin.editor/files/share/deepin-manual/manual-assets/application//deepin-editor/editor/zh_TW/editor.md
-- Installing: /opt/apps/org.deepin.editor/files/bin/deepin-editor
-- Installing: /opt/apps/org.deepin.editor/files/share/applications/deepin-editor.desktop
-- Installing: /opt/apps/org.deepin.editor/files/share/deepin-editor//themes
-- Installing: /opt/apps/org.deepin.editor/files/share/deepin-editor//themes/deepin.theme
-- Installing: /opt/apps/org.deepin.editor/files/share/deepin-editor//themes/solarized_dark.theme
-- Installing: /opt/apps/org.deepin.editor/files/share/deepin-editor//themes/deepin_dark.theme
-- Installing: /opt/apps/org.deepin.editor/files/share/deepin-editor//themes/atom_dark.theme
-- Installing: /opt/apps/org.deepin.editor/files/share/deepin-editor//themes/solarized_light.theme
-- Installing: /opt/apps/org.deepin.editor/files/share/dsg/configs/org.deepin.editor/org.deepin.editor.json
-- Installing: /opt/apps/org.deepin.editor/files/share/deepin-editor/org.kde.syntax-highlighing/syntax
-- Installing: /opt/apps/org.deepin.editor/files/share/deepin-editor/org.kde.syntax-highlighing/syntax/vbscript.xml
